10:07:24:667 [INFO] Connecting to simulation server at 127.0.0.1
10:07:24:675 [INFO] Connection opened.
10:07:24:675 [INFO] Loading scene config: sf_scene.jsonc
10:07:24:868 [INFO] Getting the list of available topic info from the sim server...
10:07:24:879 [INFO] Successfully received topic info list.
10:07:26:880 [INFO] World object updated for the loaded scene '/Sim/SceneSimpleFlightTeleop'. Note: Any previous Drone object instances may no longer be valid.
10:07:26:883 [INFO] Trajectory 'null_trajectory' imported successfully.
10:07:26:883 [INFO] Initalizing Drone 'Drone1'...
10:07:26:884 [INFO] -------------------------------------------------
10:07:26:884 [INFO] The following topics can be subscribed to for robot 'Drone1':
10:07:26:885 [INFO]     sensors["FPV"]["scene_camera"]
10:07:26:885 [INFO]     sensors["FPV"]["scene_camera_info"]
10:07:26:885 [INFO]     sensors["Chase"]["scene_camera"]
10:07:26:886 [INFO]     sensors["Chase"]["scene_camera_info"]
10:07:26:887 [INFO]     sensors["IMU1"]["imu_kinematics"]
10:07:26:887 [INFO]     sensors["Barometer1"]["barometer"]
10:07:26:887 [INFO]     sensors["Magnetometer1"]["magnetometer"]
10:07:26:887 [INFO]     sensors["GPS1"]["gps"]
10:07:26:887 [INFO]     sensors["Battery"]["battery"]
10:07:26:888 [INFO]     robot_info["actual_pose"]
10:07:26:888 [INFO]     robot_info["collision_info"]
10:07:26:888 [INFO]     robot_info["gate_pass_event"]
10:07:26:888 [INFO]     robot_info["rotor_info"]
10:07:26:888 [INFO] -------------------------------------------------
10:07:26:888 [INFO] Drone 'Drone1' initialized for World scene '/Sim/SceneSimpleFlightTeleop'
10:08:46:251 [INFO] Disconnecting from simulation server...
10:08:46:373 [INFO] Disconnected.
